thermal-printer-sdk/build/intermediates/manifest_merge_blame_file/release/manifest-merger-blame-release-report.txt
1<?xml version="1.0" encoding="utf-8"?>
2<manifest xmlns:android="http://schemas.android.com/apk/res/android"
3    package="io.github.aismor.thermalprintersdk" >
4
5    <uses-sdk android:minSdkVersion="21" />
5-->src/main/AndroidManifest.xml
6
7    <uses-feature
7-->src/main/AndroidManifest.xml:3:5-5:36
8        android:name="android.hardware.usb.host"
8-->src/main/AndroidManifest.xml:4:9-49
9        android:required="false" />
9-->src/main/AndroidManifest.xml:5:9-33
10
11</manifest>